<?xml version="1.0" encoding="UTF-8"?>
<testsuite name="Test Alumnos" tests="2" skipped="0" failures="0" errors="0" timestamp="2025-05-28T12:27:03.706Z" hostname="javier-Thin-15-B12UC" time="0.01">
  <properties/>
  <testcase name="instanciarAlumnos()" classname="com.miempresa.miproyecto.OOP.RegistroNotasAlumnoTest" time="0.009"/>
  <testcase name="insercionYvalidacionNotas()" classname="com.miempresa.miproyecto.OOP.RegistroNotasAlumnoTest" time="0.001"/>
  <system-out><![CDATA[]]></system-out>
  <system-err><![CDATA[]]></system-err>
</testsuite>
