<?xml version="1.0" encoding="UTF-8"?>
<testsuite name="Menu de Bebidas" tests="1" skipped="0" failures="0" errors="0" timestamp="2025-05-31T20:20:46" hostname="javier-MS-7D18" time="0.001">
  <properties/>
  <testcase name="intanciarBebidas()" classname="com.miempresa.miproyecto.OOPHerencia.MenuDeBebidasTest" time="0.001"/>
  <system-out><![CDATA[]]></system-out>
  <system-err><![CDATA[]]></system-err>
</testsuite>
