<?xml version="1.0" encoding="UTF-8"?>
<testsuite name="Simulador de vehiculos" tests="1" skipped="0" failures="0" errors="0" timestamp="2025-05-31T17:54:27" hostname="javier-MS-7D18" time="0.0">
  <properties/>
  <testcase name="instanciarVehiculos()" classname="com.miempresa.miproyecto.OOPHerencia.SimuladorDeVehiculosTest" time="0.0"/>
  <system-out><![CDATA[]]></system-out>
  <system-err><![CDATA[]]></system-err>
</testsuite>
