<?xml version="1.0" encoding="UTF-8"?>
<testsuite name="Simulador de vehiculos" tests="1" skipped="0" failures="0" errors="0" timestamp="2025-05-28T12:27:03.720Z" hostname="javier-Thin-15-B12UC" time="0.001">
  <properties/>
  <testcase name="instanciarVehiculos()" classname="com.miempresa.miproyecto.OOPHerencia.SimuladorDeVehiculosTest" time="0.001"/>
  <system-out><![CDATA[]]></system-out>
  <system-err><![CDATA[]]></system-err>
</testsuite>
